<?xml version="1.0" encoding="UTF-8"?>
<!-- Generated by org.testng.reporters.JUnitReportReporter -->
<testsuite skipped="0" hostname="ATLANTISPC-143" name="com.selenium.testsuite.W2register" tests="3" failures="0" timestamp="16 Apr 2019 14:41:26 GMT" time="0.324" errors="0">
  <testcase name="m1" time="0.006" classname="com.selenium.testsuite.W2register"/>
  <testcase name="register" time="0.318" classname="com.selenium.testsuite.W2register"/>
  <testcase name="m2" time="0.000" classname="com.selenium.testsuite.W2register"/>
</testsuite> <!-- com.selenium.testsuite.W2register -->
