<?xml version="1.0" encoding="UTF-8"?>
<!-- Generated by org.testng.reporters.JUnitReportReporter -->
<testsuite skipped="0" hostname="ATLANTISPC-143" name="com.datadriven.TestClass2" tests="3" failures="0" timestamp="16 Apr 2019 14:25:29 GMT" time="0.003" errors="0">
  <testcase name="test1" time="0.003" classname="com.datadriven.TestClass2"/>
  <testcase name="test2" time="0.000" classname="com.datadriven.TestClass2"/>
  <testcase name="test3" time="0.000" classname="com.datadriven.TestClass2"/>
</testsuite> <!-- com.datadriven.TestClass2 -->
