<?xml version="1.0" encoding="UTF-8"?>
<!-- Generated by org.testng.reporters.JUnitReportReporter -->
<testsuite skipped="0" hostname="ATLANTISPC-143" name="Rought.App2" tests="4" failures="0" timestamp="16 Apr 2019 14:35:38 GMT" time="0.013" errors="0">
  <testcase name="m1" time="0.010" classname="Rought.App2"/>
  <testcase name="m4" time="0.001" classname="Rought.App2"/>
  <testcase name="m3" time="0.001" classname="Rought.App2"/>
  <testcase name="m2" time="0.001" classname="Rought.App2"/>
</testsuite> <!-- Rought.App2 -->
